build/app/outputs/mapping/release/seeds.txt
com.xplore24.ekottrovendor.MainActivity: MainActivity()
com.xplore24.ekottrovendor.MainActivity
...
androidx.appcompat.R$styleable: int CompoundButton_buttonTintMode
androidx.appcompat.R$attr: int title
androidx.core.R$id: int action_divider
com.google.android.gms.internal.firebase-auth-api.zziz: com.google.android.gms.internal.firebase-auth-api.zzjc zzf
androidx.appcompat.R$layout: int abc_alert_dialog_button_bar_material
com.google.firestore.v1.WriteResult: com.google.protobuf.Parser PARSER
com.google.firestore.v1.DocumentRemove: int removedTargetIdsMemoizedSerializedSize
androidx.appcompat.R$styleable: int LinearLayoutCompat_android_baselineAligned
androidx.versionedparcelable.ParcelImpl: android.os.Parcelable$Creator CREATOR
io.flutter.embedding.engine.FlutterJNI: void requestDartDeferredLibrary(int)
androidx.core.R$id: int action_image
io.flutter.plugins.imagepicker.ImagePickerFileProvider
androidx.appcompat.R$styleable: int StateListDrawable_android_constantSize
androidx.appcompat.R$attr: int initialActivityCount
androidx.appcompat.R$style: int Base_V21_Theme_AppCompat_Dialog
com.google.android.gms.internal.firebase-auth-api.zzen: int zze
com.dexterous.flutterlocalnotifications.models.NotificationDetails: java.lang.String DATA_URI
android.support.v4.media.MediaDescriptionCompat: android.os.Parcelable$Creator CREATOR
com.google.android.gms.internal.firebase-auth-api.zzzt: com.google.android.gms.internal.firebase-auth-api.zzzo zzb
com.google.android.gms.internal.firebase-auth-api.zzxo: android.os.Parcelable$Creator CREATOR
io.flutter.plugins.firebase.messaging.FlutterFirebaseAppRegistrar
com.google.android.gms.internal.firebase-auth-api.zzim: int zzg
androidx.appcompat.widget.Toolbar: void setNavigationContentDescription(int)
androidx.appcompat.R$styleable: int AppCompatTheme_listPopupWindowStyle
io.flutter.embedding.engine.FlutterJNI: android.graphics.Bitmap nativeGetBitmap(long)
io.flutter.embedding.android.FlutterSplashView$SavedState: android.os.Parcelable$Creator CREATOR
com.dexterous.flutterlocalnotifications.models.NotificationDetails: java.lang.Integer iconResourceId
androidx.appcompat.R$id: int notification_main_column
androidx.appcompat.R$attr: int drawerArrowStyle
org.threeten.bp.chrono.ThaiBuddhistDate: java.lang.Object writeReplace()
androidx.appcompat.widget.LinearLayoutCompat: int getOrientation()
androidx.appcompat.R$attr: int selectableItemBackground
androidx.appcompat.R$color: int material_blue_grey_900
androidx.appcompat.R$style: int Base_V22_Theme_AppCompat_Light
androidx.appcompat.R$layout: int abc_action_bar_up_container
com.google.firestore.v1.ListenRequest: com.google.protobuf.Parser PARSER
android.support.v4.app.RemoteActionCompatParcelizer: void write(androidx.core.app.RemoteActionCompat,androidx.versionedparcelable.VersionedParcel)
androidx.media.AudioAttributesImplApi26: AudioAttributesImplApi26()
com.dexterous.flutterlocalnotifications.models.NotificationDetails: com.dexterous.flutterlocalnotifications.models.Time repeatTime
androidx.appcompat.widget.ActionBarContainer: void setTabContainer(androidx.appcompat.widget.ScrollingTabContainerView)
com.google.firestore.v1.CommitRequest: int DATABASE_FIELD_NUMBER
androidx.core.R$id: int accessibility_custom_action_11
com.google.android.gms.internal.firebase-auth-api.zzms: android.os.Parcelable$Creator CREATOR
org.threeten.bp.chrono.HijrahChronology: java.lang.Object readResolve()
androidx.appcompat.R$style: int Base_TextAppearance_AppCompat_Widget_TextView_SpinnerItem
com.google.android.gms.internal.firebase-auth-api.zzht: int zze
com.google.zxing.client.android.R$styleable: int[] zxing_camera_preview
androidx.appcompat.R$style: int Platform_ThemeOverlay_AppCompat
androidx.appcompat.R$attr: int colorPrimaryDark
androidx.appcompat.R$id: int accessibility_custom_action_26
com.google.android.gms.internal.firebase-auth-api.zzgg: com.google.android.gms.internal.firebase-auth-api.zzyu zzf
com.google.firestore.v1.DocumentDelete: int READ_TIME_FIELD_NUMBER
androidx.appcompat.widget.AppCompatSpinner: int getDropDownWidth()