build/app/outputs/mapping/release/mapping.txt
# compiler: R8
# compiler_version: 1.6.82
# min_api: 23
# pg_map_id: f0589cb
# common_typos_disable
...
com.google.firestore.v1.StructuredQuery$Direction$1 -> d.b.d.a.j0$g$a:
    com.google.firestore.v1.StructuredQuery$Direction findValueByNumber(int) -> a
    com.google.protobuf.Internal$EnumLite findValueByNumber(int) -> a
com.google.firestore.v1.StructuredQuery$FieldFilter -> d.b.d.a.j0$h:
    void access$3100(com.google.firestore.v1.StructuredQuery$FieldFilter,com.google.firestore.v1.StructuredQuery$FieldReference) -> a
    void access$3500(com.google.firestore.v1.StructuredQuery$FieldFilter,com.google.firestore.v1.StructuredQuery$FieldFilter$Operator) -> a
    void access$3700(com.google.firestore.v1.StructuredQuery$FieldFilter,com.google.firestore.v1.Value) -> a
    java.lang.Object dynamicMethod(com.google.protobuf.GeneratedMessageLite$MethodToInvoke,java.lang.Object,java.lang.Object) -> a
    void setField(com.google.firestore.v1.StructuredQuery$FieldReference) -> a
    void setOp(com.google.firestore.v1.StructuredQuery$FieldFilter$Operator) -> a
    void setValue(com.google.firestore.v1.Value) -> a
    com.google.firestore.v1.StructuredQuery$FieldReference getField() -> s
    com.google.firestore.v1.StructuredQuery$FieldFilter$Operator getOp() -> t
    com.google.firestore.v1.Value getValue() -> u
    com.google.firestore.v1.StructuredQuery$FieldFilter access$3000() -> v
    com.google.firestore.v1.StructuredQuery$FieldFilter getDefaultInstance() -> w
    com.google.firestore.v1.StructuredQuery$FieldFilter$Builder newBuilder() -> x
com.google.firestore.v1.StructuredQuery$FieldFilter$Builder -> d.b.d.a.j0$h$a:
    com.google.firestore.v1.StructuredQuery$FieldFilter$Builder setField(com.google.firestore.v1.StructuredQuery$FieldReference) -> a
    com.google.firestore.v1.StructuredQuery$FieldFilter$Builder setOp(com.google.firestore.v1.StructuredQuery$FieldFilter$Operator) -> a
    com.google.firestore.v1.StructuredQuery$FieldFilter$Builder setValue(com.google.firestore.v1.Value) -> a
com.google.firestore.v1.StructuredQuery$FieldFilter$Operator -> d.b.d.a.j0$h$b:
    com.google.firestore.v1.StructuredQuery$FieldFilter$Operator[] $VALUES -> q
    int value -> d
    com.google.firestore.v1.StructuredQuery$FieldFilter$Operator UNRECOGNIZED -> p
    com.google.firestore.v1.StructuredQuery$FieldFilter$Operator NOT_IN -> o
    com.google.firestore.v1.StructuredQuery$FieldFilter$Operator ARRAY_CONTAINS_ANY -> n
    com.google.firestore.v1.StructuredQuery$FieldFilter$Operator IN -> m
    com.google.firestore.v1.StructuredQuery$FieldFilter$Operator ARRAY_CONTAINS -> l
    com.google.firestore.v1.StructuredQuery$FieldFilter$Operator NOT_EQUAL -> k
    com.google.firestore.v1.StructuredQuery$FieldFilter$Operator EQUAL -> j
    com.google.firestore.v1.StructuredQuery$FieldFilter$Operator GREATER_THAN_OR_EQUAL -> i
    com.google.firestore.v1.StructuredQuery$FieldFilter$Operator GREATER_THAN -> h
    com.google.firestore.v1.StructuredQuery$FieldFilter$Operator LESS_THAN_OR_EQUAL -> g
    com.google.firestore.v1.StructuredQuery$FieldFilter$Operator LESS_THAN -> f
    com.google.firestore.v1.StructuredQuery$FieldFilter$Operator OPERATOR_UNSPECIFIED -> e
    com.google.firestore.v1.StructuredQuery$FieldFilter$Operator forNumber(int) -> a
com.google.firestore.v1.StructuredQuery$FieldFilter$Operator$1 -> d.b.d.a.j0$h$b$a:
    com.google.firestore.v1.StructuredQuery$FieldFilter$Operator findValueByNumber(int) -> a
    com.google.protobuf.Internal$EnumLite findValueByNumber(int) -> a
com.google.firestore.v1.StructuredQuery$FieldFilterOrBuilder -> d.b.d.a.j0$i: