build/app/outputs/mapping/release/usage.txt
com.xplore24.ekottrovendor.R$layout
com.xplore24.ekottrovendor.R$interpolator
com.xplore24.ekottrovendor.R$attr
com.xplore24.ekottrovendor.R$color
com.xplore24.ekottrovendor.R$bool
com.xplore24.ekottrovendor.BuildConfig
com.xplore24.ekottrovendor.R$dimen
com.xplore24.ekottrovendor.R$animator
com.xplore24.ekottrovendor.R$raw
com.xplore24.ekottrovendor.R$style
com.xplore24.ekottrovendor.R$mipmap
com.xplore24.ekottrovendor.R$string
com.xplore24.ekottrovendor.R$xml
com.xplore24.ekottrovendor.R$id
com.xplore24.ekottrovendor.R
com.xplore24.ekottrovendor.R$styleable
com.xplore24.ekottrovendor.R$integer
com.xplore24.ekottrovendor.R$anim
com.xplore24.ekottrovendor.R$drawable
...
kotlin.coroutines.ContinuationInterceptor$Key
com.google.common.cache.CacheBuilderSpec$ValueStrengthParser
androidx.core.location.LocationManagerCompat$CancellableLocationListener
com.google.common.cache.LocalCache$LoadingValueReference$1
kotlin.text.StringsKt__StringsKt$splitToSequence$2
com.google.firebase.storage.FileDownloadTask:
    long getDownloadedSizeInBytes()
    static final int PREFERRED_CHUNK_SIZE
    private static final java.lang.String TAG
com.google.android.gms.internal.firebase-auth-api.zzaam:
    private void <init>()
com.google.android.gms.stats.WakeLock:
    public boolean isHeld()
com.google.common.collect.LinkedListMultimap$1EntriesImpl
androidx.appcompat.widget.LinearLayoutCompat:
    public boolean isBaselineAligned()
    public boolean isMeasureWithLargestChildEnabled()
    public static final int HORIZONTAL
    public static final int VERTICAL
    public static final int SHOW_DIVIDER_NONE
    public static final int SHOW_DIVIDER_BEGINNING
    public static final int SHOW_DIVIDER_MIDDLE
    public static final int SHOW_DIVIDER_END
    private static final int VERTICAL_GRAVITY_COUNT
    private static final int INDEX_CENTER_VERTICAL
    private static final int INDEX_TOP
    private static final int INDEX_BOTTOM
    private static final int INDEX_FILL
    private static final java.lang.String ACCESSIBILITY_CLASS_NAME
androidx.appcompat.graphics.drawable.AnimatedStateListDrawableCompat:
    public static androidx.appcompat.graphics.drawable.AnimatedStateListDrawableCompat create(android.content.Context,int,android.content.res.Resources$Theme)
    public void addState(int[],android.graphics.drawable.Drawable,int)
    public void addTransition(int,int,android.graphics.drawable.Drawable,boolean)
    void clearMutated()
    public synthetic bridge void addState(int[],android.graphics.drawable.Drawable)
    public synthetic bridge void setExitFadeDuration(int)
    public synthetic bridge void setEnterFadeDuration(int)
    private static final java.lang.String ELEMENT_TRANSITION
    private static final java.lang.String ELEMENT_ITEM
    private static final java.lang.String TRANSITION_MISSING_DRAWABLE_ERROR
    private static final java.lang.String TRANSITION_MISSING_FROM_TO_ID
    private static final java.lang.String ITEM_MISSING_DRAWABLE_ERROR
com.google.common.util.concurrent.ThreadFactoryBuilder:
    public com.google.common.util.concurrent.ThreadFactoryBuilder setUncaughtExceptionHandler(java.lang.Thread$UncaughtExceptionHandler)
    public com.google.common.util.concurrent.ThreadFactoryBuilder setThreadFactory(java.util.concurrent.ThreadFactory)
com.google.firebase.firestore.local.SQLiteSchema:
    void runMigrations()
    static final int VERSION
    static final int INDEXING_SUPPORT_VERSION
    private static final int SEQUENCE_NUMBER_BATCH_SIZE
id.kakzaki.blue_thermal_printer.R
com.google.android.play.core.splitcompat.d
androidx.coordinatorlayout.widget.CoordinatorLayout$LayoutParams
com.journeyapps.barcodescanner.DecoderThread:
    public com.journeyapps.barcodescanner.Decoder getDecoder()
    public android.graphics.Rect getCropRect()
com.google.android.play.core.appupdate.u
io.flutter.embedding.android.DrawableSplashScreen$DrawableSplashScreenView:
    public void <init>(android.content.Context,android.util.AttributeSet)
kotlin.collections.builders.SetBuilder
androidx.appcompat.widget.AppCompatReceiveContentHelper$OnDropApi24Impl:
    private void <init>()
io.grpc.inprocess.InProcessChannelBuilder$1
com.squareup.okhttp.internal.http.RealResponseBody
com.google.protobuf.GeneratedMessageLite$ExtensionDescriptor:
    void <init>(com.google.protobuf.Internal$EnumLiteMap,int,com.google.protobuf.WireFormat$FieldType,boolean,boolean)
kotlin.text.MatcherMatchResult
androidx.core.R$styleable:
    private void <init>()
com.google.firebase.iid.internal.FirebaseInstanceIdInternal:
    public abstract java.lang.String getId()
androidx.viewpager.widget.PagerTabStrip